<?xml version="1.0" encoding="UTF-8"?>
<testsuite name="org.example.TestClassroom" tests="5" skipped="0" failures="0" errors="0" timestamp="2022-10-01T06:28:59" hostname="DESKTOP-D2UI5N7" time="0.06">
  <properties/>
  <testcase name="Address should be set" classname="org.example.TestClassroom" time="0.035"/>
  <testcase name="Classroom type should be set" classname="org.example.TestClassroom" time="0.005"/>
  <testcase name="Name should be set" classname="org.example.TestClassroom" time="0.003"/>
  <testcase name="Age should be set" classname="org.example.TestClassroom" time="0.002"/>
  <testcase name="Email should be set" classname="org.example.TestClassroom" time="0.002"/>
  <system-out><![CDATA[]]></system-out>
  <system-err><![CDATA[]]></system-err>
</testsuite>
